Arguments: 
  /usr/bin/node /usr/bin/yarn man

PATH: 
  /usr/local/bin:/usr/bin:/home/f4g4/.local/bin:/home/f4g4/go/bin:/home/f4g4/.cargo/bin:/home/f4g4/.yarn/bin

Yarn version: 
  1.22.19

Node version: 
  20.2.0

Platform: 
  linux x64

Trace: 
  SyntaxError: /home/f4g4/Desktop/TechWeb23/package.json: Expected ',' or '}' after property value in JSON at position 311
      at JSON.parse (<anonymous>)
      at /usr/lib/node_modules/yarn/lib/cli.js:1629:59
      at Generator.next (<anonymous>)
      at step (/usr/lib/node_modules/yarn/lib/cli.js:310:30)
      at /usr/lib/node_modules/yarn/lib/cli.js:321:13

npm manifest: 
  {
    "name": "TechWeb23",
    "version": "1.0.0",
    "main": "index.js",
    "scripts": {
      "sqlr": "footclient yarn --cwd ./squealer-app dev & footclient docker-compose up & footclient yarn --cwd ./server dev",
      "man": "yarn --cwd ./ dev & footclient docker-compose up & footclient yarn --cwd ./server dev"
      // "dash": "yarn --cwd ./ dev & footclient docker-compose up & footclient yarn --cwd ./server dev"
    },
    "repository": "git@github.com:faguccio/TechWeb23.git",
    "author": "Fabio <faga2703@gmail.com>",
    "license": "MIT"
  }

yarn manifest: 
  No manifest

Lockfile: 
  No lockfile
